{"level":"info","message":{"duration":"8ms","method":"GET","params":{},"path":"/health","query":{},"status":200},"timestamp":"2025-05-17T05:03:49.432Z"}
{"level":"info","message":{"duration":"4ms","method":"GET","path":"/favicon.ico","query":{},"status":404},"timestamp":"2025-05-17T05:03:49.552Z"}
{"level":"info","message":{"duration":"9ms","method":"GET","params":{},"path":"/health","query":{},"status":200},"timestamp":"2025-05-17T05:07:27.031Z"}
{"level":"info","message":{"duration":"1ms","method":"GET","params":{},"path":"/health","query":{},"status":200},"timestamp":"2025-05-17T05:07:28.530Z"}
{"level":"info","message":{"duration":"1ms","method":"GET","path":"/detail","query":{},"status":404},"timestamp":"2025-05-17T05:07:33.364Z"}
{"level":"info","message":{"duration":"1ms","method":"GET","path":"/details","query":{},"status":404},"timestamp":"2025-05-17T05:07:36.845Z"}
{"level":"info","message":{"duration":"1ms","method":"GET","params":{},"path":"/health","query":{},"status":200},"timestamp":"2025-05-17T05:07:47.217Z"}
{"level":"info","message":"Retrieved 0 courses successfully","timestamp":"2025-05-17T05:36:41.007Z"}
{"level":"info","message":{"duration":"23ms","method":"GET","params":{},"path":"/api/courses","query":{},"status":200},"timestamp":"2025-05-17T05:36:41.012Z"}
{"level":"info","message":"Retrieved 0 courses successfully","timestamp":"2025-05-17T05:36:41.110Z"}
{"level":"info","message":{"duration":"8ms","method":"GET","params":{},"path":"/api/courses","query":{},"status":304},"timestamp":"2025-05-17T05:36:41.114Z"}
{"level":"info","message":"Retrieved 0 students successfully","timestamp":"2025-05-17T05:37:57.239Z"}
{"level":"info","message":{"duration":"8ms","method":"GET","params":{},"path":"/api/students","query":{},"status":200},"timestamp":"2025-05-17T05:37:57.242Z"}
{"activeCourses":0,"activeStudents":0,"courseCounts":[],"graduates":0,"level":"info","message":"Dashboard statistics retrieved successfully:","successRate":0,"timestamp":"2025-05-17T05:37:57.263Z","totalCourses":0,"totalStudents":0}
{"level":"info","message":{"duration":"29ms","method":"GET","params":{},"path":"/api/dashboard/stats","query":{},"status":200},"timestamp":"2025-05-17T05:37:57.265Z"}
{"level":"info","message":"Retrieved 0 students successfully","timestamp":"2025-05-17T05:37:57.883Z"}
{"level":"info","message":{"duration":"4ms","method":"GET","params":{},"path":"/api/students","query":{},"status":304},"timestamp":"2025-05-17T05:37:57.884Z"}
{"activeCourses":0,"activeStudents":0,"courseCounts":[],"graduates":0,"level":"info","message":"Dashboard statistics retrieved successfully:","successRate":0,"timestamp":"2025-05-17T05:37:57.898Z","totalCourses":0,"totalStudents":0}
{"level":"info","message":{"duration":"17ms","method":"GET","params":{},"path":"/api/dashboard/stats","query":{},"status":304},"timestamp":"2025-05-17T05:37:57.899Z"}
{"level":"info","message":"Retrieved 0 courses successfully","timestamp":"2025-05-17T05:37:59.249Z"}
{"level":"info","message":{"duration":"3ms","method":"GET","params":{},"path":"/api/courses","query":{},"status":304},"timestamp":"2025-05-17T05:37:59.251Z"}
{"courseId":"682820c31f24581a09c58454","level":"info","message":"New course created:","name":"Python","timestamp":"2025-05-17T05:38:11.664Z"}
{"level":"info","message":{"body":{"description":"Numpy","duration":1,"name":"Python","status":"active"},"duration":"17ms","method":"POST","params":{},"path":"/api/courses","query":{},"status":201},"timestamp":"2025-05-17T05:38:11.666Z"}
{"level":"info","message":"Retrieved 1 courses successfully","timestamp":"2025-05-17T05:38:11.672Z"}
{"level":"info","message":{"duration":"5ms","method":"GET","params":{},"path":"/api/courses","query":{},"status":200},"timestamp":"2025-05-17T05:38:11.674Z"}
{"activeCourses":1,"activeStudents":0,"courseCounts":[],"graduates":0,"level":"info","message":"Dashboard statistics retrieved successfully:","successRate":0,"timestamp":"2025-05-17T05:38:11.698Z","totalCourses":1,"totalStudents":0}
{"level":"info","message":{"duration":"22ms","method":"GET","params":{},"path":"/api/dashboard/stats","query":{},"status":200},"timestamp":"2025-05-17T05:38:11.700Z"}
{"courseId":"682820c31f24581a09c58454","level":"info","message":"Course deleted successfully:","name":"Python","timestamp":"2025-05-17T05:38:18.763Z"}
{"level":"info","message":{"duration":"10ms","method":"DELETE","params":{"id":"682820c31f24581a09c58454"},"path":"/api/courses/682820c31f24581a09c58454","query":{},"status":200},"timestamp":"2025-05-17T05:38:18.764Z"}
{"level":"info","message":"Retrieved 0 courses successfully","timestamp":"2025-05-17T05:38:18.768Z"}
{"level":"info","message":{"duration":"7ms","method":"GET","params":{},"path":"/api/courses","query":{},"status":200},"timestamp":"2025-05-17T05:38:18.773Z"}
{"activeCourses":0,"activeStudents":0,"courseCounts":[],"graduates":0,"level":"info","message":"Dashboard statistics retrieved successfully:","successRate":0,"timestamp":"2025-05-17T05:38:18.785Z","totalCourses":0,"totalStudents":0}
{"level":"info","message":{"duration":"13ms","method":"GET","params":{},"path":"/api/dashboard/stats","query":{},"status":200},"timestamp":"2025-05-17T05:38:18.788Z"}
{"level":"info","message":"Retrieved 0 students successfully","timestamp":"2025-05-17T05:38:21.148Z"}
{"level":"info","message":{"duration":"7ms","method":"GET","params":{},"path":"/api/students","query":{},"status":304},"timestamp":"2025-05-17T05:38:21.152Z"}
{"activeCourses":0,"activeStudents":0,"courseCounts":[],"graduates":0,"level":"info","message":"Dashboard statistics retrieved successfully:","successRate":0,"timestamp":"2025-05-17T05:38:21.162Z","totalCourses":0,"totalStudents":0}
{"level":"info","message":{"duration":"16ms","method":"GET","params":{},"path":"/api/dashboard/stats","query":{},"status":304},"timestamp":"2025-05-17T05:38:21.163Z"}
{"level":"info","message":"Retrieved 0 courses successfully","timestamp":"2025-05-17T05:38:23.961Z"}
{"level":"info","message":{"duration":"3ms","method":"GET","params":{},"path":"/api/courses","query":{},"status":304},"timestamp":"2025-05-17T05:38:23.963Z"}
{"level":"info","message":"Retrieved 0 students successfully","timestamp":"2025-05-17T05:38:31.098Z"}
{"level":"info","message":{"duration":"3ms","method":"GET","params":{},"path":"/api/students","query":{},"status":304},"timestamp":"2025-05-17T05:38:31.099Z"}
{"activeCourses":0,"activeStudents":0,"courseCounts":[],"graduates":0,"level":"info","message":"Dashboard statistics retrieved successfully:","successRate":0,"timestamp":"2025-05-17T05:38:31.108Z","totalCourses":0,"totalStudents":0}
{"level":"info","message":{"duration":"15ms","method":"GET","params":{},"path":"/api/dashboard/stats","query":{},"status":304},"timestamp":"2025-05-17T05:38:31.112Z"}
{"level":"info","message":"Retrieved 0 courses successfully","timestamp":"2025-05-17T05:38:32.105Z"}
{"level":"info","message":{"duration":"4ms","method":"GET","params":{},"path":"/api/courses","query":{},"status":304},"timestamp":"2025-05-17T05:38:32.107Z"}
{"courseId":"682820e31f24581a09c58476","level":"info","message":"New course created:","name":"Python","timestamp":"2025-05-17T05:38:43.928Z"}
{"level":"info","message":{"body":{"description":"Numpy","duration":1,"name":"Python","status":"active"},"duration":"5ms","method":"POST","params":{},"path":"/api/courses","query":{},"status":201},"timestamp":"2025-05-17T05:38:43.930Z"}
{"level":"info","message":"Retrieved 1 courses successfully","timestamp":"2025-05-17T05:38:43.935Z"}
{"level":"info","message":{"duration":"4ms","method":"GET","params":{},"path":"/api/courses","query":{},"status":200},"timestamp":"2025-05-17T05:38:43.937Z"}
{"activeCourses":1,"activeStudents":0,"courseCounts":[],"graduates":0,"level":"info","message":"Dashboard statistics retrieved successfully:","successRate":0,"timestamp":"2025-05-17T05:38:43.955Z","totalCourses":1,"totalStudents":0}
{"level":"info","message":{"duration":"16ms","method":"GET","params":{},"path":"/api/dashboard/stats","query":{},"status":200},"timestamp":"2025-05-17T05:38:43.956Z"}
{"level":"info","message":"Retrieved 0 students successfully","timestamp":"2025-05-17T05:38:45.363Z"}
{"level":"info","message":{"duration":"4ms","method":"GET","params":{},"path":"/api/students","query":{},"status":304},"timestamp":"2025-05-17T05:38:45.365Z"}
{"activeCourses":1,"activeStudents":0,"courseCounts":[],"graduates":0,"level":"info","message":"Dashboard statistics retrieved successfully:","successRate":0,"timestamp":"2025-05-17T05:38:45.373Z","totalCourses":1,"totalStudents":0}
{"level":"info","message":{"duration":"14ms","method":"GET","params":{},"path":"/api/dashboard/stats","query":{},"status":304},"timestamp":"2025-05-17T05:38:45.374Z"}
{"course":"682820e31f24581a09c58476","level":"info","message":"New student created:","name":"Kanish","studentId":"682820f61f24581a09c58486","timestamp":"2025-05-17T05:39:02.234Z"}
{"level":"info","message":{"body":{"course":"682820e31f24581a09c58476","email":"radhakanish@gmail.com","enrollmentDate":"2025-05-01","name":"Kanish","status":"active"},"duration":"5ms","method":"POST","params":{},"path":"/api/students","query":{},"status":201},"timestamp":"2025-05-17T05:39:02.235Z"}
{"level":"info","message":"Retrieved 1 students successfully","timestamp":"2025-05-17T05:39:02.241Z"}
{"level":"info","message":{"duration":"3ms","method":"GET","params":{},"path":"/api/students","query":{},"status":200},"timestamp":"2025-05-17T05:39:02.242Z"}
{"activeCourses":1,"activeStudents":1,"courseCounts":[{"_id":"682820e31f24581a09c58476","count":1}],"graduates":0,"level":"info","message":"Dashboard statistics retrieved successfully:","successRate":0,"timestamp":"2025-05-17T05:39:02.262Z","totalCourses":1,"totalStudents":1}
{"level":"info","message":{"duration":"19ms","method":"GET","params":{},"path":"/api/dashboard/stats","query":{},"status":200},"timestamp":"2025-05-17T05:39:02.266Z"}
{"level":"info","message":"Retrieved 1 students successfully","timestamp":"2025-05-17T05:39:06.677Z"}
{"level":"info","message":{"duration":"6ms","method":"GET","params":{},"path":"/api/students","query":{},"status":304},"timestamp":"2025-05-17T05:39:06.679Z"}
{"activeCourses":1,"activeStudents":1,"courseCounts":[{"_id":"682820e31f24581a09c58476","count":1}],"graduates":0,"level":"info","message":"Dashboard statistics retrieved successfully:","successRate":0,"timestamp":"2025-05-17T05:39:06.688Z","totalCourses":1,"totalStudents":1}
{"level":"info","message":{"duration":"14ms","method":"GET","params":{},"path":"/api/dashboard/stats","query":{},"status":304},"timestamp":"2025-05-17T05:39:06.689Z"}
{"level":"info","message":"Retrieved 1 students successfully","timestamp":"2025-05-17T05:39:11.342Z"}
{"level":"info","message":{"duration":"4ms","method":"GET","params":{},"path":"/api/students","query":{},"status":304},"timestamp":"2025-05-17T05:39:11.343Z"}
{"activeCourses":1,"activeStudents":1,"courseCounts":[{"_id":"682820e31f24581a09c58476","count":1}],"graduates":0,"level":"info","message":"Dashboard statistics retrieved successfully:","successRate":0,"timestamp":"2025-05-17T05:39:11.350Z","totalCourses":1,"totalStudents":1}
{"level":"info","message":{"duration":"14ms","method":"GET","params":{},"path":"/api/dashboard/stats","query":{},"status":304},"timestamp":"2025-05-17T05:39:11.352Z"}
{"level":"info","message":"Retrieved 1 courses successfully","timestamp":"2025-05-17T05:39:12.145Z"}
{"level":"info","message":{"duration":"3ms","method":"GET","params":{},"path":"/api/courses","query":{},"status":304},"timestamp":"2025-05-17T05:39:12.147Z"}
{"level":"info","message":"Retrieved 1 courses successfully","timestamp":"2025-05-17T05:39:13.665Z"}
{"level":"info","message":{"duration":"3ms","method":"GET","params":{},"path":"/api/courses","query":{},"status":304},"timestamp":"2025-05-17T05:39:13.666Z"}
{"level":"info","message":"Retrieved 1 students successfully","timestamp":"2025-05-17T05:39:15.281Z"}
{"level":"info","message":{"duration":"3ms","method":"GET","params":{},"path":"/api/students","query":{},"status":304},"timestamp":"2025-05-17T05:39:15.282Z"}
{"activeCourses":1,"activeStudents":1,"courseCounts":[{"_id":"682820e31f24581a09c58476","count":1}],"graduates":0,"level":"info","message":"Dashboard statistics retrieved successfully:","successRate":0,"timestamp":"2025-05-17T05:39:15.294Z","totalCourses":1,"totalStudents":1}
{"level":"info","message":{"duration":"15ms","method":"GET","params":{},"path":"/api/dashboard/stats","query":{},"status":304},"timestamp":"2025-05-17T05:39:15.295Z"}
{"level":"info","message":"Retrieved 1 courses successfully","timestamp":"2025-05-17T05:39:19.137Z"}
{"level":"info","message":{"duration":"2ms","method":"GET","params":{},"path":"/api/courses","query":{},"status":304},"timestamp":"2025-05-17T05:39:19.138Z"}
{"level":"info","message":"Retrieved 1 students successfully","timestamp":"2025-05-17T05:39:23.075Z"}
{"level":"info","message":{"duration":"4ms","method":"GET","params":{},"path":"/api/students","query":{},"status":304},"timestamp":"2025-05-17T05:39:23.077Z"}
{"activeCourses":1,"activeStudents":1,"courseCounts":[{"_id":"682820e31f24581a09c58476","count":1}],"graduates":0,"level":"info","message":"Dashboard statistics retrieved successfully:","successRate":0,"timestamp":"2025-05-17T05:39:23.086Z","totalCourses":1,"totalStudents":1}
{"level":"info","message":{"duration":"15ms","method":"GET","params":{},"path":"/api/dashboard/stats","query":{},"status":304},"timestamp":"2025-05-17T05:39:23.087Z"}
